<!DOCTYPE html PUBLIC "-//W3C//DTD XHTML 1.1//EN" "https://www.w3.org/TR/xhtml11/DTD/xhtml11.dtd">
<html xmlns="https://www.w3.org/1999/xhtml">
<head>
<meta http-equiv="content-type" content="text/html; charset=UTF-8"/>
<title>TestNG Report</title>
<style type="text/css">table {margin-bottom:10px;border-collapse:collapse;empty-cells:show}th,td {border:1px solid #009;padding:.25em .5em}th {vertical-align:bottom}td {vertical-align:top}table a {font-weight:bold}.stripe td {background-color: #E6EBF9}.num {text-align:right}.passedodd td {background-color: #3F3}.passedeven td {background-color: #0A0}.skippedodd td {background-color: #DDD}.skippedeven td {background-color: #CCC}.failedodd td,.attn {background-color: #F33}.failedeven td,.stripe .attn {background-color: #D00}.stacktrace {white-space:pre;font-family:monospace}.totop {font-size:85%;text-align:center;border-bottom:2px solid #000}.invisible {display:none}</style>
</head>
<body>
<table>
<tr><th>Test</th><th># Passed</th><th># Skipped</th><th># Retried</th><th># Failed</th><th>Time (ms)</th><th>Included Groups</th><th>Excluded Groups</th></tr>
<tr><th colspan="8">Default suite</th></tr>
<tr><td><a href="#t0">Default test</a></td><td class="num">0</td><td class="num">0</td><td class="num">0</td><td class="num attn">1</td><td class="num">47,112</td><td></td><td></td></tr>
</table>
<table id='summary'><thead><tr><th>Class</th><th>Method</th><th>Start</th><th>Time (ms)</th></tr></thead><tbody><tr><th colspan="4">Default suite</th></tr></tbody><tbody id="t0"><tr><th colspan="4">Default test &#8212; failed</th></tr><tr class="failedeven"><td rowspan="1">tests.TS_01_VerifyLoginTests</td><td><a href="#m0">loginWithValidCredentialsTest</a></td><td rowspan="1">1670392704467</td><td rowspan="1">37691</td></tr></tbody>
</table>
<h2>Default test</h2><h3 id="m0">tests.TS_01_VerifyLoginTests#loginWithValidCredentialsTest</h3><table class="result"><tr><th>Exception</th></tr><tr><td><div class="stacktrace">com.microsoft.playwright.PlaywrightException: Error {
  message=&apos;Target closed
=========================== logs ===========================
waiting for selector &quot;//span[text()=&quot;Let&apos;s Go&quot;]&quot;
============================================================
  name=&apos;Error
  stack=&apos;Error: Target closed
=========================== logs ===========================
waiting for selector &quot;//span[text()=&quot;Let&apos;s Go&quot;]&quot;
============================================================
    at C:\Users\MUHAMM~1\AppData\Local\Temp\playwright-java-11743410721870763128\package\lib\server\chromium\crConnection.js:206:16
    at new Promise (&lt;anonymous&gt;)
    at CRSession.send (C:\Users\MUHAMM~1\AppData\Local\Temp\playwright-java-11743410721870763128\package\lib\server\chromium\crConnection.js:202:12)
    at CRExecutionContext.evaluateWithArguments (C:\Users\MUHAMM~1\AppData\Local\Temp\playwright-java-11743410721870763128\package\lib\server\chromium\crExecutionContext.js:89:28)
    at FrameExecutionContext.evaluateWithArguments (C:\Users\MUHAMM~1\AppData\Local\Temp\playwright-java-11743410721870763128\package\lib\server\javascript.js:73:61)
    at evaluateExpression (C:\Users\MUHAMM~1\AppData\Local\Temp\playwright-java-11743410721870763128\package\lib\server\javascript.js:264:26)
    at async InjectedScriptPollHandler.finishHandle (C:\Users\MUHAMM~1\AppData\Local\Temp\playwright-java-11743410721870763128\package\lib\server\dom.js:1030:22)
    at async RerunnableTask.rerun (C:\Users\MUHAMM~1\AppData\Local\Temp\playwright-java-11743410721870763128\package\lib\server\frames.js:1883:73)
}
	at com.microsoft.playwright.impl.WaitableResult.get(WaitableResult.java:54)
	at com.microsoft.playwright.impl.ChannelOwner.runUntil(ChannelOwner.java:111)
	at com.microsoft.playwright.impl.Connection.sendMessage(Connection.java:113)
	at com.microsoft.playwright.impl.ChannelOwner.sendMessage(ChannelOwner.java:102)
	at com.microsoft.playwright.impl.FrameImpl.clickImpl(FrameImpl.java:256)
	at com.microsoft.playwright.impl.PageImpl.lambda$click$17(PageImpl.java:626)
	at com.microsoft.playwright.impl.LoggingSupport.lambda$withLogging$0(LoggingSupport.java:36)
	at com.microsoft.playwright.impl.LoggingSupport.withLogging(LoggingSupport.java:47)
	at com.microsoft.playwright.impl.ChannelOwner.withLogging(ChannelOwner.java:87)
	at com.microsoft.playwright.impl.LoggingSupport.withLogging(LoggingSupport.java:35)
	at com.microsoft.playwright.impl.PageImpl.click(PageImpl.java:625)
	at com.microsoft.playwright.Page.click(Page.java:3584)
	at pages.ShipPage.onBoarding(ShipPage.java:130)
	at tests.TS_01_VerifyLoginTests.loginWithValidCredentialsTest(TS_01_VerifyLoginTests.java:40)
	at java.base/jdk.internal.reflect.NativeMethodAccessorImpl.invoke0(Native Method)
	at java.base/jdk.internal.reflect.NativeMethodAccessorImpl.invoke(NativeMethodAccessorImpl.java:64)
	at java.base/jdk.internal.reflect.DelegatingMethodAccessorImpl.invoke(DelegatingMethodAccessorImpl.java:43)
	at java.base/java.lang.reflect.Method.invoke(Method.java:564)
	at org.testng.internal.invokers.MethodInvocationHelper.invokeMethod(MethodInvocationHelper.java:139)
	at org.testng.internal.invokers.TestInvoker.invokeMethod(TestInvoker.java:677)
	at org.testng.internal.invokers.TestInvoker.invokeTestMethod(TestInvoker.java:221)
	at org.testng.internal.invokers.MethodRunner.runInSequence(MethodRunner.java:50)
	at org.testng.internal.invokers.TestInvoker$MethodInvocationAgent.invoke(TestInvoker.java:962)
	at org.testng.internal.invokers.TestInvoker.invokeTestMethods(TestInvoker.java:194)
	at org.testng.internal.invokers.TestMethodWorker.invokeTestMethods(TestMethodWorker.java:148)
	at org.testng.internal.invokers.TestMethodWorker.run(TestMethodWorker.java:128)
	at java.base/java.util.ArrayList.forEach(ArrayList.java:1511)
	at org.testng.TestRunner.privateRun(TestRunner.java:806)
	at org.testng.TestRunner.run(TestRunner.java:601)
	at org.testng.SuiteRunner.runTest(SuiteRunner.java:433)
	at org.testng.SuiteRunner.runSequentially(SuiteRunner.java:427)
	at org.testng.SuiteRunner.privateRun(SuiteRunner.java:387)
	at org.testng.SuiteRunner.run(SuiteRunner.java:330)
	at org.testng.SuiteRunnerWorker.runSuite(SuiteRunnerWorker.java:52)
	at org.testng.SuiteRunnerWorker.run(SuiteRunnerWorker.java:95)
	at org.testng.TestNG.runSuitesSequentially(TestNG.java:1256)
	at org.testng.TestNG.runSuitesLocally(TestNG.java:1176)
	at org.testng.TestNG.runSuites(TestNG.java:1099)
	at org.testng.TestNG.run(TestNG.java:1067)
	at org.testng.remote.AbstractRemoteTestNG.run(AbstractRemoteTestNG.java:115)
	at org.testng.remote.RemoteTestNG.initAndRun(RemoteTestNG.java:251)
	at org.testng.remote.RemoteTestNG.main(RemoteTestNG.java:77)
Caused by: com.microsoft.playwright.impl.DriverException: Error {
  message=&apos;Target closed
=========================== logs ===========================
waiting for selector &quot;//span[text()=&quot;Let&apos;s Go&quot;]&quot;
============================================================
  name=&apos;Error
  stack=&apos;Error: Target closed
=========================== logs ===========================
waiting for selector &quot;//span[text()=&quot;Let&apos;s Go&quot;]&quot;
============================================================
    at C:\Users\MUHAMM~1\AppData\Local\Temp\playwright-java-11743410721870763128\package\lib\server\chromium\crConnection.js:206:16
    at new Promise (&lt;anonymous&gt;)
    at CRSession.send (C:\Users\MUHAMM~1\AppData\Local\Temp\playwright-java-11743410721870763128\package\lib\server\chromium\crConnection.js:202:12)
    at CRExecutionContext.evaluateWithArguments (C:\Users\MUHAMM~1\AppData\Local\Temp\playwright-java-11743410721870763128\package\lib\server\chromium\crExecutionContext.js:89:28)
    at FrameExecutionContext.evaluateWithArguments (C:\Users\MUHAMM~1\AppData\Local\Temp\playwright-java-11743410721870763128\package\lib\server\javascript.js:73:61)
    at evaluateExpression (C:\Users\MUHAMM~1\AppData\Local\Temp\playwright-java-11743410721870763128\package\lib\server\javascript.js:264:26)
    at async InjectedScriptPollHandler.finishHandle (C:\Users\MUHAMM~1\AppData\Local\Temp\playwright-java-11743410721870763128\package\lib\server\dom.js:1030:22)
    at async RerunnableTask.rerun (C:\Users\MUHAMM~1\AppData\Local\Temp\playwright-java-11743410721870763128\package\lib\server\frames.js:1883:73)
}
	at com.microsoft.playwright.impl.Connection.dispatch(Connection.java:195)
	at com.microsoft.playwright.impl.Connection.processOneMessage(Connection.java:175)
	at com.microsoft.playwright.impl.ChannelOwner.runUntil(ChannelOwner.java:109)
	... 40 more
</div></td></tr></table><p class="totop"><a href="#summary">back to summary</a></p>
</body>
</html>
