<?xml version="1.0" encoding="UTF-8"?>
<testng-results ignored="2" total="3" passed="0" failed="1" skipped="0">
  <reporter-output>
  </reporter-output>
  <suite started-at="2022-12-07T10:58:17 PKT" name="Default suite" finished-at="2022-12-07T10:59:04 PKT" duration-ms="47112">
    <groups>
    </groups>
    <test started-at="2022-12-07T10:58:17 PKT" name="Default test" finished-at="2022-12-07T10:59:04 PKT" duration-ms="47112">
      <class name="tests.TS_01_VerifyLoginTests">
        <test-method is-config="true" signature="setupBeforeTestSuite()[pri:0, instance:tests.TS_01_VerifyLoginTests@2c1b194a]" started-at="2022-12-07T10:58:16 PKT" name="setupBeforeTestSuite" finished-at="2022-12-07T10:58:17 PKT" duration-ms="723" status="PASS">
          <reporter-output>
          </reporter-output>
        </test-method> <!-- setupBeforeTestSuite -->
        <test-method is-config="true" signature="setupBeforeClass()[pri:0, instance:tests.TS_01_VerifyLoginTests@2c1b194a]" started-at="2022-12-07T10:58:17 PKT" name="setupBeforeClass" finished-at="2022-12-07T10:58:17 PKT" duration-ms="4" status="PASS">
          <reporter-output>
          </reporter-output>
        </test-method> <!-- setupBeforeClass -->
        <test-method is-config="true" signature="startPlaywrightServer()[pri:0, instance:tests.TS_01_VerifyLoginTests@2c1b194a]" started-at="2022-12-07T10:58:17 PKT" name="startPlaywrightServer" finished-at="2022-12-07T10:58:24 PKT" duration-ms="6870" status="PASS">
          <reporter-output>
          </reporter-output>
        </test-method> <!-- startPlaywrightServer -->
        <test-method signature="loginWithValidCredentialsTest()[pri:0, instance:tests.TS_01_VerifyLoginTests@2c1b194a]" started-at="2022-12-07T10:58:24 PKT" name="loginWithValidCredentialsTest" finished-at="2022-12-07T10:59:02 PKT" duration-ms="37691" status="FAIL">
          <exception class="com.microsoft.playwright.PlaywrightException">
            <message>
              <![CDATA[Error {
  message='Target closed
=========================== logs ===========================
waiting for selector "//span[text()="Let's Go"]"
============================================================
  name='Error
  stack='Error: Target closed
=========================== logs ===========================
waiting for selector "//span[text()="Let's Go"]"
============================================================
    at C:\Users\MUHAMM~1\AppData\Local\Temp\playwright-java-11743410721870763128\package\lib\server\chromium\crConnection.js:206:16
    at new Promise (<anonymous>)
    at CRSession.send (C:\Users\MUHAMM~1\AppData\Local\Temp\playwright-java-11743410721870763128\package\lib\server\chromium\crConnection.js:202:12)
    at CRExecutionContext.evaluateWithArguments (C:\Users\MUHAMM~1\AppData\Local\Temp\playwright-java-11743410721870763128\package\lib\server\chromium\crExecutionContext.js:89:28)
    at FrameExecutionContext.evaluateWithArguments (C:\Users\MUHAMM~1\AppData\Local\Temp\playwright-java-11743410721870763128\package\lib\server\javascript.js:73:61)
    at evaluateExpression (C:\Users\MUHAMM~1\AppData\Local\Temp\playwright-java-11743410721870763128\package\lib\server\javascript.js:264:26)
    at async InjectedScriptPollHandler.finishHandle (C:\Users\MUHAMM~1\AppData\Local\Temp\playwright-java-11743410721870763128\package\lib\server\dom.js:1030:22)
    at async RerunnableTask.rerun (C:\Users\MUHAMM~1\AppData\Local\Temp\playwright-java-11743410721870763128\package\lib\server\frames.js:1883:73)
}]]>
            </message>
            <full-stacktrace>
              <![CDATA[com.microsoft.playwright.PlaywrightException: Error {
  message='Target closed
=========================== logs ===========================
waiting for selector "//span[text()="Let's Go"]"
============================================================
  name='Error
  stack='Error: Target closed
=========================== logs ===========================
waiting for selector "//span[text()="Let's Go"]"
============================================================
    at C:\Users\MUHAMM~1\AppData\Local\Temp\playwright-java-11743410721870763128\package\lib\server\chromium\crConnection.js:206:16
    at new Promise (<anonymous>)
    at CRSession.send (C:\Users\MUHAMM~1\AppData\Local\Temp\playwright-java-11743410721870763128\package\lib\server\chromium\crConnection.js:202:12)
    at CRExecutionContext.evaluateWithArguments (C:\Users\MUHAMM~1\AppData\Local\Temp\playwright-java-11743410721870763128\package\lib\server\chromium\crExecutionContext.js:89:28)
    at FrameExecutionContext.evaluateWithArguments (C:\Users\MUHAMM~1\AppData\Local\Temp\playwright-java-11743410721870763128\package\lib\server\javascript.js:73:61)
    at evaluateExpression (C:\Users\MUHAMM~1\AppData\Local\Temp\playwright-java-11743410721870763128\package\lib\server\javascript.js:264:26)
    at async InjectedScriptPollHandler.finishHandle (C:\Users\MUHAMM~1\AppData\Local\Temp\playwright-java-11743410721870763128\package\lib\server\dom.js:1030:22)
    at async RerunnableTask.rerun (C:\Users\MUHAMM~1\AppData\Local\Temp\playwright-java-11743410721870763128\package\lib\server\frames.js:1883:73)
}
at com.microsoft.playwright.impl.WaitableResult.get(WaitableResult.java:54)
at com.microsoft.playwright.impl.ChannelOwner.runUntil(ChannelOwner.java:111)
at com.microsoft.playwright.impl.Connection.sendMessage(Connection.java:113)
at com.microsoft.playwright.impl.ChannelOwner.sendMessage(ChannelOwner.java:102)
at com.microsoft.playwright.impl.FrameImpl.clickImpl(FrameImpl.java:256)
at com.microsoft.playwright.impl.PageImpl.lambda$click$17(PageImpl.java:626)
at com.microsoft.playwright.impl.LoggingSupport.lambda$withLogging$0(LoggingSupport.java:36)
at com.microsoft.playwright.impl.LoggingSupport.withLogging(LoggingSupport.java:47)
at com.microsoft.playwright.impl.ChannelOwner.withLogging(ChannelOwner.java:87)
at com.microsoft.playwright.impl.LoggingSupport.withLogging(LoggingSupport.java:35)
at com.microsoft.playwright.impl.PageImpl.click(PageImpl.java:625)
at com.microsoft.playwright.Page.click(Page.java:3584)
at pages.ShipPage.onBoarding(ShipPage.java:130)
at tests.TS_01_VerifyLoginTests.loginWithValidCredentialsTest(TS_01_VerifyLoginTests.java:40)
at java.base/jdk.internal.reflect.NativeMethodAccessorImpl.invoke0(Native Method)
at java.base/jdk.internal.reflect.NativeMethodAccessorImpl.invoke(NativeMethodAccessorImpl.java:64)
at java.base/jdk.internal.reflect.DelegatingMethodAccessorImpl.invoke(DelegatingMethodAccessorImpl.java:43)
at java.base/java.lang.reflect.Method.invoke(Method.java:564)
at org.testng.internal.invokers.MethodInvocationHelper.invokeMethod(MethodInvocationHelper.java:139)
at org.testng.internal.invokers.TestInvoker.invokeMethod(TestInvoker.java:677)
at org.testng.internal.invokers.TestInvoker.invokeTestMethod(TestInvoker.java:221)
at org.testng.internal.invokers.MethodRunner.runInSequence(MethodRunner.java:50)
at org.testng.internal.invokers.TestInvoker$MethodInvocationAgent.invoke(TestInvoker.java:962)
at org.testng.internal.invokers.TestInvoker.invokeTestMethods(TestInvoker.java:194)
at org.testng.internal.invokers.TestMethodWorker.invokeTestMethods(TestMethodWorker.java:148)
at org.testng.internal.invokers.TestMethodWorker.run(TestMethodWorker.java:128)
at java.base/java.util.ArrayList.forEach(ArrayList.java:1511)
at org.testng.TestRunner.privateRun(TestRunner.java:806)
at org.testng.TestRunner.run(TestRunner.java:601)
at org.testng.SuiteRunner.runTest(SuiteRunner.java:433)
at org.testng.SuiteRunner.runSequentially(SuiteRunner.java:427)
at org.testng.SuiteRunner.privateRun(SuiteRunner.java:387)
at org.testng.SuiteRunner.run(SuiteRunner.java:330)
at org.testng.SuiteRunnerWorker.runSuite(SuiteRunnerWorker.java:52)
at org.testng.SuiteRunnerWorker.run(SuiteRunnerWorker.java:95)
at org.testng.TestNG.runSuitesSequentially(TestNG.java:1256)
at org.testng.TestNG.runSuitesLocally(TestNG.java:1176)
at org.testng.TestNG.runSuites(TestNG.java:1099)
at org.testng.TestNG.run(TestNG.java:1067)
at org.testng.remote.AbstractRemoteTestNG.run(AbstractRemoteTestNG.java:115)
at org.testng.remote.RemoteTestNG.initAndRun(RemoteTestNG.java:251)
at org.testng.remote.RemoteTestNG.main(RemoteTestNG.java:77)
Caused by: com.microsoft.playwright.impl.DriverException: Error {
  message='Target closed
=========================== logs ===========================
waiting for selector "//span[text()="Let's Go"]"
============================================================
  name='Error
  stack='Error: Target closed
=========================== logs ===========================
waiting for selector "//span[text()="Let's Go"]"
============================================================
    at C:\Users\MUHAMM~1\AppData\Local\Temp\playwright-java-11743410721870763128\package\lib\server\chromium\crConnection.js:206:16
    at new Promise (<anonymous>)
    at CRSession.send (C:\Users\MUHAMM~1\AppData\Local\Temp\playwright-java-11743410721870763128\package\lib\server\chromium\crConnection.js:202:12)
    at CRExecutionContext.evaluateWithArguments (C:\Users\MUHAMM~1\AppData\Local\Temp\playwright-java-11743410721870763128\package\lib\server\chromium\crExecutionContext.js:89:28)
    at FrameExecutionContext.evaluateWithArguments (C:\Users\MUHAMM~1\AppData\Local\Temp\playwright-java-11743410721870763128\package\lib\server\javascript.js:73:61)
    at evaluateExpression (C:\Users\MUHAMM~1\AppData\Local\Temp\playwright-java-11743410721870763128\package\lib\server\javascript.js:264:26)
    at async InjectedScriptPollHandler.finishHandle (C:\Users\MUHAMM~1\AppData\Local\Temp\playwright-java-11743410721870763128\package\lib\server\dom.js:1030:22)
    at async RerunnableTask.rerun (C:\Users\MUHAMM~1\AppData\Local\Temp\playwright-java-11743410721870763128\package\lib\server\frames.js:1883:73)
}
at com.microsoft.playwright.impl.Connection.dispatch(Connection.java:195)
at com.microsoft.playwright.impl.Connection.processOneMessage(Connection.java:175)
at com.microsoft.playwright.impl.ChannelOwner.runUntil(ChannelOwner.java:109)
... 40 more
]]>
            </full-stacktrace>
          </exception> <!-- com.microsoft.playwright.PlaywrightException -->
          <reporter-output>
          </reporter-output>
        </test-method> <!-- loginWithValidCredentialsTest -->
        <test-method is-config="true" signature="closePage(org.testng.ITestResult)[pri:0, instance:tests.TS_01_VerifyLoginTests@2c1b194a]" started-at="2022-12-07T10:59:02 PKT" name="closePage" finished-at="2022-12-07T10:59:04 PKT" duration-ms="2503" status="PASS">
          <params>
            <param index="0">
              <value>
                <![CDATA[[TestResult name=loginWithValidCredentialsTest status=FAILURE method=TS_01_VerifyLoginTests.loginWithValidCredentialsTest()[pri:0, instance:tests.TS_01_VerifyLoginTests@2c1b194a] output={null}]]]>
              </value>
            </param>
          </params>
          <reporter-output>
          </reporter-output>
        </test-method> <!-- closePage -->
        <test-method is-config="true" signature="teardownAfterTestSuite()[pri:0, instance:tests.TS_01_VerifyLoginTests@2c1b194a]" started-at="2022-12-07T10:59:04 PKT" name="teardownAfterTestSuite" finished-at="2022-12-07T10:59:05 PKT" duration-ms="358" status="PASS">
          <reporter-output>
          </reporter-output>
        </test-method> <!-- teardownAfterTestSuite -->
      </class> <!-- tests.TS_01_VerifyLoginTests -->
    </test> <!-- Default test -->
  </suite> <!-- Default suite -->
</testng-results>
